
Message: 
Stacktrace:
RemoteError@chrome://remote/content/shared/RemoteError.sys.mjs:8:8
WebDriverError@chrome://remote/content/shared/webdriver/Errors.sys.mjs:189:5
NoSuchElementError@chrome://remote/content/shared/webdriver/Errors.sys.mjs:507:5
dom.find/</<@chrome://remote/content/shared/DOM.sys.mjs:132:16


landed on last page 



Total stock scraped 4441
saved file /home/keshav/Downloads/stock_market/stock_data_2023-10-27.xlsx
Email sent successfully! from gkeshav911@gmail.com to niharikahandicrafts1726@gmail.com

******************************************************
landed on last page 

Total stock scraped 4439
saved file /home/keshav/Downloads/stock_market/stock_data_2023-10-28.xlsx
Email sent successfully! from gkeshav911@gmail.com to niharikahandicrafts1726@gmail.com

***************************************************************************

Message: 
Stacktrace:
RemoteError@chrome://remote/content/shared/RemoteError.sys.mjs:8:8
WebDriverError@chrome://remote/content/shared/webdriver/Errors.sys.mjs:189:5
NoSuchElementError@chrome://remote/content/shared/webdriver/Errors.sys.mjs:507:5
dom.find/</<@chrome://remote/content/shared/DOM.sys.mjs:132:16

landed on last page 

Total stock scraped 4435
saved file /home/keshav/Downloads/stock_market/stock_data_2023-10-29.xlsx
Email sent successfully! from gkeshav911@gmail.com to niharikahandicrafts1726@gmail.com

***************************************************************************

Message: 
Stacktrace:
RemoteError@chrome://remote/content/shared/RemoteError.sys.mjs:8:8
WebDriverError@chrome://remote/content/shared/webdriver/Errors.sys.mjs:189:5
NoSuchElementError@chrome://remote/content/shared/webdriver/Errors.sys.mjs:507:5
dom.find/</<@chrome://remote/content/shared/DOM.sys.mjs:132:16

landed on last page 

Total stock scraped 4432
saved file /home/keshav/Downloads/stock_market/stock_data_2023-10-30.xlsx
Email sent successfully! from gkeshav911@gmail.com to niharikahandicrafts1726@gmail.com

***************************************************************************

landed on last page 

Total stock scraped 4434
saved file /home/keshav/Downloads/stock_market/stock_data_2023-10-31.xlsx
Email sent successfully! from gkeshav911@gmail.com to niharikahandicrafts1726@gmail.com

***************************************************************************

Message: 
Stacktrace:
RemoteError@chrome://remote/content/shared/RemoteError.sys.mjs:8:8
WebDriverError@chrome://remote/content/shared/webdriver/Errors.sys.mjs:189:5
NoSuchElementError@chrome://remote/content/shared/webdriver/Errors.sys.mjs:507:5
dom.find/</<@chrome://remote/content/shared/DOM.sys.mjs:132:16

landed on last page 

Total stock scraped 4438
saved file /home/keshav/Downloads/stock_market/stock_data_2023-11-01.xlsx
Email sent successfully! from gkeshav911@gmail.com to niharikahandicrafts1726@gmail.com

***************************************************************************

landed on last page 

Total stock scraped 4441
saved file /home/keshav/Downloads/stock_market/stock_data_2023-11-02.xlsx
Email sent successfully! from gkeshav911@gmail.com to niharikahandicrafts1726@gmail.com

***************************************************************************

